<?xml version="1.0" encoding="UTF-8"?>
<testsuite xmlns:xsi="http://www.w3.org/2001/XMLSchema-instance" xsi:schemaLocation="https://maven.apache.org/surefire/maven-surefire-plugin/xsd/surefire-test-report.xsd" name="CucuFramework.RunTest" time="16.05" tests="10" errors="0" skipped="3" failures="2">
  <properties>
[...]
</properties>
  <testcase name="Given I am on home page" classname="Scenario: Test1 - Browser Test" time="0.002"/>
  <testcase name="And I click on &quot;My Projectss&quot;" classname="Scenario: Test1 - Browser Test" time="0.008">
    <failure message="Element not found {By.partialLinkText: My Projectss}&#10;Expected: visible" type="com.codeborne.selenide.ex.ElementNotFound">com.codeborne.selenide.ex.ElementNotFound: 
Element not found {By.partialLinkText: My Projectss}
Expected: visible
Caused by: org.openqa.selenium.NoSuchElementException: 
no such element: Unable to locate element: {"method":"partial link text","selector":"My Projectss"}
  (Session info: chrome=57.0.2987.133)
  (Driver info: chromedriver=2.28.455520 (cc17746adff54984afff480136733114c6b3704b),platform=Windows NT 10.0.14393 x86_64) (WARNING: The server did not provide any stacktrace information)
Command duration or timeout: 22 milliseconds
For documentation on this error, please visit: http://seleniumhq.org/exceptions/no_such_element.html
Build info: version: '3.2.0', revision: '8c03df6b79', time: '2017-02-23 10:51:31 +0000'
System info: host: 'CISCOPC', ip: '192.168.1.231', os.name: 'Windows 10', os.arch: 'amd64', os.version: '10.0', java.version: '1.8.0_121'
Driver info: org.openqa.selenium.chrome.ChromeDriver
Capabilities [{applicationCacheEnabled=false, rotatable=false, mobileEmulationEnabled=false, networkConnectionEnabled=false, chrome={chromedriverVersion=2.28.455520 (cc17746adff54984afff480136733114c6b3704b), userDataDir=C:\Users\CISCOP~1\AppData\Local\Temp\scoped_dir3832_24089}, takesHeapSnapshot=true, pageLoadStrategy=normal, databaseEnabled=false, handlesAlerts=true, hasTouchScreen=false, version=57.0.2987.133, platform=XP, browserConnectionEnabled=false, nativeEvents=true, acceptSslCerts=true, locationContextEnabled=true, webStorageEnabled=true, browserName=chrome, takesScreenshot=true, javascriptEnabled=true, cssSelectorsEnabled=true, unexpectedAlertBehaviour=}]
Session ID: cadc85e97dab972bbe6903cb4769775e
*** Element info: {Using=partial link text, value=My Projectss}
</failure>
  </testcase>
  <testcase name="Scenario: Test1 - Browser Test" classname="Scenario: Test1 - Browser Test" time="0.012">
    <failure message="Element not found {By.partialLinkText: My Projectss}&#10;Expected: visible" type="com.codeborne.selenide.ex.ElementNotFound">com.codeborne.selenide.ex.ElementNotFound: 
Element not found {By.partialLinkText: My Projectss}
Expected: visible
Caused by: org.openqa.selenium.NoSuchElementException: 
no such element: Unable to locate element: {"method":"partial link text","selector":"My Projectss"}
  (Session info: chrome=57.0.2987.133)
  (Driver info: chromedriver=2.28.455520 (cc17746adff54984afff480136733114c6b3704b),platform=Windows NT 10.0.14393 x86_64) (WARNING: The server did not provide any stacktrace information)
Command duration or timeout: 22 milliseconds
For documentation on this error, please visit: http://seleniumhq.org/exceptions/no_such_element.html
Build info: version: '3.2.0', revision: '8c03df6b79', time: '2017-02-23 10:51:31 +0000'
System info: host: 'CISCOPC', ip: '192.168.1.231', os.name: 'Windows 10', os.arch: 'amd64', os.version: '10.0', java.version: '1.8.0_121'
Driver info: org.openqa.selenium.chrome.ChromeDriver
Capabilities [{applicationCacheEnabled=false, rotatable=false, mobileEmulationEnabled=false, networkConnectionEnabled=false, chrome={chromedriverVersion=2.28.455520 (cc17746adff54984afff480136733114c6b3704b), userDataDir=C:\Users\CISCOP~1\AppData\Local\Temp\scoped_dir3832_24089}, takesHeapSnapshot=true, pageLoadStrategy=normal, databaseEnabled=false, handlesAlerts=true, hasTouchScreen=false, version=57.0.2987.133, platform=XP, browserConnectionEnabled=false, nativeEvents=true, acceptSslCerts=true, locationContextEnabled=true, webStorageEnabled=true, browserName=chrome, takesScreenshot=true, javascriptEnabled=true, cssSelectorsEnabled=true, unexpectedAlertBehaviour=}]
Session ID: cadc85e97dab972bbe6903cb4769775e
*** Element info: {Using=partial link text, value=My Projectss}
</failure>
  </testcase>
  <testcase name="And I enter answers" classname="Scenario: Test1 - Browser Test" time="0">
    <skipped/>
  </testcase>
  <testcase name="When I click on submit button" classname="Scenario: Test1 - Browser Test" time="0">
    <skipped/>
  </testcase>
  <testcase name="Then I get results" classname="Scenario: Test1 - Browser Test" time="0">
    <skipped/>
  </testcase>
  <testcase name="Given I am on home page" classname="Scenario: Test1: Ana Page link should not exist" time="0"/>
  <testcase name="When I see the menu" classname="Scenario: Test1: Ana Page link should not exist" time="0"/>
  <testcase name="Then &quot;Click Me Ana&quot; link should not be present" classname="Scenario: Test1: Ana Page link should not exist" time="0"/>
  <testcase name="Scenario: Test1: Ana Page link should not exist" classname="Scenario: Test1: Ana Page link should not exist" time="0.705"/>
</testsuite>